<?xml version="1.0" encoding="UTF-8"?>
<testng-results skipped="0" failed="0" ignored="0" total="1" passed="1">
  <reporter-output>
  </reporter-output>
  <suite name="Default suite" duration-ms="87491" started-at="2020-04-20T17:44:52 IST" finished-at="2020-04-20T17:46:20 IST">
    <groups>
    </groups>
    <test name="Default test" duration-ms="87491" started-at="2020-04-20T17:44:52 IST" finished-at="2020-04-20T17:46:20 IST">
      <class name="com.bridgelabz.fundoopush.testscripts.TestFundoopush">
        <test-method status="PASS" signature="openApplication()[pri:0, instance:com.bridgelabz.fundoopush.testscripts.TestFundoopush@5609159b]" name="openApplication" is-config="true" duration-ms="24118" started-at="2020-04-20T17:44:52 IST" finished-at="2020-04-20T17:45:16 IST">
          <reporter-output>
          </reporter-output>
        </test-method> <!-- openApplication -->
        <test-method status="PASS" signature="testFundoo()[pri:0, instance:com.bridgelabz.fundoopush.testscripts.TestFundoopush@5609159b]" name="testFundoo" duration-ms="62986" started-at="2020-04-20T17:45:16 IST" finished-at="2020-04-20T17:46:19 IST">
          <reporter-output>
          </reporter-output>
        </test-method> <!-- testFundoo -->
        <test-method status="PASS" signature="closeApplication()[pri:0, instance:com.bridgelabz.fundoopush.testscripts.TestFundoopush@5609159b]" name="closeApplication" is-config="true" duration-ms="93" started-at="2020-04-20T17:46:19 IST" finished-at="2020-04-20T17:46:20 IST">
          <reporter-output>
          </reporter-output>
        </test-method> <!-- closeApplication -->
      </class> <!-- com.bridgelabz.fundoopush.testscripts.TestFundoopush -->
    </test> <!-- Default test -->
  </suite> <!-- Default suite -->
</testng-results>
